2022-11-24 08:01:19,017 INFO c.s.a.s.ActiTimeStepDefinition [main] Launch the application
2022-11-24 08:01:24,774 INFO c.s.a.s.ActiTimeStepDefinition [main] The Application has launched successfully
2022-11-24 08:01:24,794 INFO c.s.a.s.ActiTimeStepDefinition [main] Navigate to the url of the application
2022-11-24 08:01:33,221 INFO c.s.a.s.ActiTimeStepDefinition [main] Navigate to the url of the application has performed successfully
2022-11-24 08:01:33,225 INFO c.s.a.s.ActiTimeStepDefinition [main] Login using valid credentials
2022-11-24 08:01:38,502 INFO c.s.a.s.ActiTimeStepDefinition [main] Login using valid credentials by providing valid credentails
2022-11-24 08:01:38,526 INFO c.s.a.s.ActiTimeStepDefinition [main] the Home page should display
2022-11-24 08:01:40,559 INFO c.s.a.s.ActiTimeStepDefinition [main] The Validation of Display of Home Page has matched successfulyy
2022-11-24 08:01:40,560 INFO c.s.a.s.ActiTimeStepDefinition [main] minimize the flyout Window
2022-11-24 08:01:42,638 INFO c.s.a.s.ActiTimeStepDefinition [main] minimize the flyout Window has performed successfully
2022-11-24 08:01:42,641 INFO c.s.a.s.ActiTimeStepDefinition [main] Perform logout action
2022-11-24 08:01:44,921 INFO c.s.a.s.ActiTimeStepDefinition [main] Performing logout action has done successfully
2022-11-24 08:01:44,923 INFO c.s.a.s.ActiTimeStepDefinition [main] the login page should display
2022-11-24 08:01:46,944 INFO c.s.a.s.ActiTimeStepDefinition [main] Validation of login page display
2022-11-24 08:01:46,946 INFO c.s.a.s.ActiTimeStepDefinition [main] Close Application Browser
2022-11-24 08:01:47,112 INFO c.s.a.s.ActiTimeStepDefinition [main] Close Application has done succesfully
2022-11-24 08:01:47,120 INFO c.s.a.s.ActiTimeStepDefinition [main] Launch the application
2022-11-24 08:01:50,530 INFO c.s.a.s.ActiTimeStepDefinition [main] The Application has launched successfully
2022-11-24 08:01:50,531 INFO c.s.a.s.ActiTimeStepDefinition [main] Navigate to the url of the application
2022-11-24 08:01:57,445 INFO c.s.a.s.ActiTimeStepDefinition [main] Navigate to the url of the application has performed successfully
2022-11-24 08:01:57,446 INFO c.s.a.s.ActiTimeStepDefinition [main] Login using valid credentials
2022-11-24 08:02:02,649 INFO c.s.a.s.ActiTimeStepDefinition [main] Login using valid credentials by providing valid credentails
2022-11-24 08:02:02,653 INFO c.s.a.s.ActiTimeStepDefinition [main] the Home page should display
2022-11-24 08:02:04,691 INFO c.s.a.s.ActiTimeStepDefinition [main] The Validation of Display of Home Page has matched successfulyy
2022-11-24 08:02:04,692 INFO c.s.a.s.ActiTimeStepDefinition [main] minimize the flyout Window
2022-11-24 08:02:06,759 INFO c.s.a.s.ActiTimeStepDefinition [main] minimize the flyout Window has performed successfully
2022-11-24 08:02:06,760 INFO c.s.a.s.ActiTimeStepDefinition [main] Create an User
2022-11-24 08:02:36,778 INFO c.s.a.s.ActiTimeStepDefinition [main] Create an User action has performed successfully
2022-11-24 08:02:36,780 INFO c.s.a.s.ActiTimeStepDefinition [main] User should create successfully
2022-11-24 08:02:36,781 INFO c.s.a.s.ActiTimeStepDefinition [main] Validation of User Creation has performed successfully 
2022-11-24 08:02:36,785 INFO c.s.a.s.ActiTimeStepDefinition [main] delete the user
2022-11-24 08:02:43,012 INFO c.s.a.s.ActiTimeStepDefinition [main] delete the user step has performed successfully
2022-11-24 08:02:43,015 INFO c.s.a.s.ActiTimeStepDefinition [main] the user should delete
2022-11-24 08:02:43,032 INFO c.s.a.s.ActiTimeStepDefinition [main] the user should delete, action has performed successfully
2022-11-24 08:02:43,035 INFO c.s.a.s.ActiTimeStepDefinition [main] Perform logout action
2022-11-24 08:02:45,274 INFO c.s.a.s.ActiTimeStepDefinition [main] Performing logout action has done successfully
2022-11-24 08:02:45,276 INFO c.s.a.s.ActiTimeStepDefinition [main] the login page should display
2022-11-24 08:02:47,299 INFO c.s.a.s.ActiTimeStepDefinition [main] Validation of login page display
2022-11-24 08:02:47,301 INFO c.s.a.s.ActiTimeStepDefinition [main] Close Application Browser
2022-11-24 08:02:47,462 INFO c.s.a.s.ActiTimeStepDefinition [main] Close Application has done succesfully
2022-11-24 08:17:18,344 INFO c.s.a.s.ActiTimeStepDefinition [main] Launch the application
2022-11-24 08:17:22,789 INFO c.s.a.s.ActiTimeStepDefinition [main] The Application has launched successfully
2022-11-24 08:17:22,810 INFO c.s.a.s.ActiTimeStepDefinition [main] Navigate to the url of the application
2022-11-24 08:17:29,854 INFO c.s.a.s.ActiTimeStepDefinition [main] Navigate to the url of the application has performed successfully
2022-11-24 08:17:29,858 INFO c.s.a.s.ActiTimeStepDefinition [main] Login using valid credentials
2022-11-24 08:17:35,082 INFO c.s.a.s.ActiTimeStepDefinition [main] Login using valid credentials by providing valid credentails
2022-11-24 08:17:35,083 INFO c.s.a.s.ActiTimeStepDefinition [main] the Home page should display
2022-11-24 08:17:37,165 INFO c.s.a.s.ActiTimeStepDefinition [main] The Validation of Display of Home Page has matched successfulyy
2022-11-24 08:17:37,165 INFO c.s.a.s.ActiTimeStepDefinition [main] minimize the flyout Window
2022-11-24 08:17:39,240 INFO c.s.a.s.ActiTimeStepDefinition [main] minimize the flyout Window has performed successfully
2022-11-24 08:17:39,243 INFO c.s.a.s.ActiTimeStepDefinition [main] Perform logout action
2022-11-24 08:17:41,506 INFO c.s.a.s.ActiTimeStepDefinition [main] Performing logout action has done successfully
2022-11-24 08:17:41,508 INFO c.s.a.s.ActiTimeStepDefinition [main] the login page should display
2022-11-24 08:17:43,531 INFO c.s.a.s.ActiTimeStepDefinition [main] Validation of login page display
2022-11-24 08:17:43,533 INFO c.s.a.s.ActiTimeStepDefinition [main] Close Application Browser
2022-11-24 08:17:43,651 INFO c.s.a.s.ActiTimeStepDefinition [main] Close Application has done succesfully
2022-11-24 08:17:43,660 INFO c.s.a.s.ActiTimeStepDefinition [main] Launch the application
2022-11-24 08:17:47,053 INFO c.s.a.s.ActiTimeStepDefinition [main] The Application has launched successfully
2022-11-24 08:17:47,055 INFO c.s.a.s.ActiTimeStepDefinition [main] Navigate to the url of the application
2022-11-24 08:17:54,292 INFO c.s.a.s.ActiTimeStepDefinition [main] Navigate to the url of the application has performed successfully
2022-11-24 08:17:54,293 INFO c.s.a.s.ActiTimeStepDefinition [main] Login using valid credentials
2022-11-24 08:17:59,499 INFO c.s.a.s.ActiTimeStepDefinition [main] Login using valid credentials by providing valid credentails
2022-11-24 08:17:59,501 INFO c.s.a.s.ActiTimeStepDefinition [main] the Home page should display
2022-11-24 08:18:01,535 INFO c.s.a.s.ActiTimeStepDefinition [main] The Validation of Display of Home Page has matched successfulyy
2022-11-24 08:18:01,536 INFO c.s.a.s.ActiTimeStepDefinition [main] minimize the flyout Window
2022-11-24 08:18:03,599 INFO c.s.a.s.ActiTimeStepDefinition [main] minimize the flyout Window has performed successfully
2022-11-24 08:18:03,603 INFO c.s.a.s.ActiTimeStepDefinition [main] Create an User
2022-11-24 08:18:32,101 INFO c.s.a.s.ActiTimeStepDefinition [main] Create an User action has performed successfully
2022-11-24 08:18:32,103 INFO c.s.a.s.ActiTimeStepDefinition [main] User should create successfully
2022-11-24 08:18:32,172 INFO c.s.a.s.ActiTimeStepDefinition [main] Validation of User Creation has performed successfully 
2022-11-24 08:18:32,174 INFO c.s.a.s.ActiTimeStepDefinition [main] delete the user
2022-11-24 08:18:38,362 INFO c.s.a.s.ActiTimeStepDefinition [main] delete the user step has performed successfully
2022-11-24 08:18:38,363 INFO c.s.a.s.ActiTimeStepDefinition [main] the user should delete
2022-11-24 08:18:38,368 INFO c.s.a.s.ActiTimeStepDefinition [main] the user should delete, action has performed successfully
2022-11-24 08:18:38,369 INFO c.s.a.s.ActiTimeStepDefinition [main] Perform logout action
2022-11-24 08:18:40,580 INFO c.s.a.s.ActiTimeStepDefinition [main] Performing logout action has done successfully
2022-11-24 08:18:40,582 INFO c.s.a.s.ActiTimeStepDefinition [main] the login page should display
2022-11-24 08:18:42,607 INFO c.s.a.s.ActiTimeStepDefinition [main] Validation of login page display
2022-11-24 08:18:42,609 INFO c.s.a.s.ActiTimeStepDefinition [main] Close Application Browser
2022-11-24 08:18:44,563 INFO c.s.a.s.ActiTimeStepDefinition [main] Close Application has done succesfully
2022-11-24 21:46:50,438 INFO c.s.a.s.ActiTimeStepDefinition [main] Launch the application
2022-11-24 21:47:11,167 INFO c.s.a.s.ActiTimeStepDefinition [main] The Application has launched successfully
2022-11-24 21:47:11,193 INFO c.s.a.s.ActiTimeStepDefinition [main] Navigate to the url of the application
2022-11-24 21:47:21,792 INFO c.s.a.s.ActiTimeStepDefinition [main] Navigate to the url of the application has performed successfully
2022-11-24 21:47:21,806 INFO c.s.a.s.ActiTimeStepDefinition [main] Login using valid credentials
2022-11-24 21:47:27,795 INFO c.s.a.s.ActiTimeStepDefinition [main] Login using valid credentials by providing valid credentails
2022-11-24 21:47:27,798 INFO c.s.a.s.ActiTimeStepDefinition [main] the Home page should display
2022-11-24 21:47:29,857 INFO c.s.a.s.ActiTimeStepDefinition [main] The Validation of Display of Home Page has matched successfulyy
2022-11-24 21:47:29,858 INFO c.s.a.s.ActiTimeStepDefinition [main] minimize the flyout Window
2022-11-24 21:47:32,028 INFO c.s.a.s.ActiTimeStepDefinition [main] minimize the flyout Window has performed successfully
2022-11-24 21:47:32,031 INFO c.s.a.s.ActiTimeStepDefinition [main] Perform logout action
2022-11-24 21:47:36,506 INFO c.s.a.s.ActiTimeStepDefinition [main] Performing logout action has done successfully
2022-11-24 21:47:36,509 INFO c.s.a.s.ActiTimeStepDefinition [main] the login page should display
2022-11-24 21:47:38,541 INFO c.s.a.s.ActiTimeStepDefinition [main] Validation of login page display
2022-11-24 21:47:38,543 INFO c.s.a.s.ActiTimeStepDefinition [main] Close Application Browser
2022-11-24 21:47:38,994 INFO c.s.a.s.ActiTimeStepDefinition [main] Close Application has done succesfully
2022-11-24 21:47:39,043 INFO c.s.a.s.ActiTimeStepDefinition [main] Launch the application
2022-11-24 21:47:44,430 INFO c.s.a.s.ActiTimeStepDefinition [main] The Application has launched successfully
2022-11-24 21:47:44,432 INFO c.s.a.s.ActiTimeStepDefinition [main] Navigate to the url of the application
2022-11-24 21:47:52,043 INFO c.s.a.s.ActiTimeStepDefinition [main] Navigate to the url of the application has performed successfully
2022-11-24 21:47:52,058 INFO c.s.a.s.ActiTimeStepDefinition [main] Login using valid credentials
2022-11-24 21:47:57,938 INFO c.s.a.s.ActiTimeStepDefinition [main] Login using valid credentials by providing valid credentails
2022-11-24 21:47:57,939 INFO c.s.a.s.ActiTimeStepDefinition [main] the Home page should display
2022-11-24 21:47:59,984 INFO c.s.a.s.ActiTimeStepDefinition [main] The Validation of Display of Home Page has matched successfulyy
2022-11-24 21:47:59,988 INFO c.s.a.s.ActiTimeStepDefinition [main] minimize the flyout Window
2022-11-24 21:48:02,186 INFO c.s.a.s.ActiTimeStepDefinition [main] minimize the flyout Window has performed successfully
2022-11-24 21:48:02,204 INFO c.s.a.s.ActiTimeStepDefinition [main] Create an User
2022-11-24 21:48:36,267 INFO c.s.a.s.ActiTimeStepDefinition [main] Create an User action has performed successfully
2022-11-24 21:48:36,269 INFO c.s.a.s.ActiTimeStepDefinition [main] User should create successfully
2022-11-24 21:48:36,550 INFO c.s.a.s.ActiTimeStepDefinition [main] Validation of User Creation has performed successfully 
2022-11-24 21:48:36,556 INFO c.s.a.s.ActiTimeStepDefinition [main] delete the user
2022-11-24 21:48:36,670 ERROR c.s.a.s.ActiTimeStepDefinition [main] There is an error occurance during the execution of delete_the_user org.openqa.selenium.UnhandledAlertException: unexpected alert open: {Alert text : }
  (Session info: chrome=107.0.5304.107): {Alert text : 
Build info: version: '4.6.0', revision: '79f1c02ae20'
System info: os.name: 'Windows 10', os.arch: 'amd64', os.version: '10.0', java.version: '1.8.0_333'
Driver info: org.openqa.selenium.chrome.ChromeDriver
Command: [a6ea653e6646f28a8145407b7af75767, findElement {using=xpath, value=//span[text()='User1, demo']}]
Capabilities {acceptInsecureCerts: false, browserName: chrome, browserVersion: 107.0.5304.107, chrome: {chromedriverVersion: 106.0.5249.61 (511755355844..., userDataDir: C:\Users\CSC\AppData\Local\...}, goog:chromeOptions: {debuggerAddress: localhost:58607}, networkConnectionEnabled: false, pageLoadStrategy: normal, platformName: WINDOWS, proxy: Proxy(), se:cdp: ws://localhost:58607/devtoo..., se:cdpVersion: 107.0.5304.107, setWindowRect: true, strictFileInteractability: false, timeouts: {implicit: 0, pageLoad: 300000, script: 30000}, unhandledPromptBehavior: dismiss and notify, webauthn:extension:credBlob: true, webauthn:extension:largeBlob: true, webauthn:virtualAuthenticators: true}
Session ID: a6ea653e6646f28a8145407b7af75767
2022-11-24 21:48:36,675 INFO c.s.a.s.ActiTimeStepDefinition [main] the user should delete
2022-11-24 21:48:36,709 INFO c.s.a.s.ActiTimeStepDefinition [main] the user should delete, action has performed successfully
2022-11-24 21:48:36,711 INFO c.s.a.s.ActiTimeStepDefinition [main] Perform logout action
2022-11-24 21:48:39,979 INFO c.s.a.s.ActiTimeStepDefinition [main] Performing logout action has done successfully
2022-11-24 21:48:39,985 INFO c.s.a.s.ActiTimeStepDefinition [main] the login page should display
2022-11-24 21:48:39,992 ERROR c.s.a.s.ActiTimeStepDefinition [main] There is an error occurance during the execution of the_login_page_should_display org.openqa.selenium.NoSuchWindowException: no such window: target window already closed
from unknown error: web view not found
  (Session info: chrome=107.0.5304.107)
Build info: version: '4.6.0', revision: '79f1c02ae20'
System info: os.name: 'Windows 10', os.arch: 'amd64', os.version: '10.0', java.version: '1.8.0_333'
Driver info: org.openqa.selenium.chrome.ChromeDriver
Command: [a6ea653e6646f28a8145407b7af75767, getTitle {}]
Capabilities {acceptInsecureCerts: false, browserName: chrome, browserVersion: 107.0.5304.107, chrome: {chromedriverVersion: 106.0.5249.61 (511755355844..., userDataDir: C:\Users\CSC\AppData\Local\...}, goog:chromeOptions: {debuggerAddress: localhost:58607}, networkConnectionEnabled: false, pageLoadStrategy: normal, platformName: WINDOWS, proxy: Proxy(), se:cdp: ws://localhost:58607/devtoo..., se:cdpVersion: 107.0.5304.107, setWindowRect: true, strictFileInteractability: false, timeouts: {implicit: 0, pageLoad: 300000, script: 30000}, unhandledPromptBehavior: dismiss and notify, webauthn:extension:credBlob: true, webauthn:extension:largeBlob: true, webauthn:virtualAuthenticators: true}
Session ID: a6ea653e6646f28a8145407b7af75767
2022-11-24 21:48:39,994 INFO c.s.a.s.ActiTimeStepDefinition [main] Close Application Browser
2022-11-24 21:49:08,338 ERROR c.s.a.s.ActiTimeStepDefinition [main] There is an error occurance during the execution of Close_Application_Browser org.openqa.selenium.WebDriverException: disconnected: unable to connect to renderer
  (failed to check if window was closed: disconnected: unable to connect to renderer)
  (Session info: chrome=107.0.5304.107)
Build info: version: '4.6.0', revision: '79f1c02ae20'
System info: os.name: 'Windows 10', os.arch: 'amd64', os.version: '10.0', java.version: '1.8.0_333'
Driver info: org.openqa.selenium.chrome.ChromeDriver
Command: [a6ea653e6646f28a8145407b7af75767, close {}]
Capabilities {acceptInsecureCerts: false, browserName: chrome, browserVersion: 107.0.5304.107, chrome: {chromedriverVersion: 106.0.5249.61 (511755355844..., userDataDir: C:\Users\CSC\AppData\Local\...}, goog:chromeOptions: {debuggerAddress: localhost:58607}, networkConnectionEnabled: false, pageLoadStrategy: normal, platformName: WINDOWS, proxy: Proxy(), se:cdp: ws://localhost:58607/devtoo..., se:cdpVersion: 107.0.5304.107, setWindowRect: true, strictFileInteractability: false, timeouts: {implicit: 0, pageLoad: 300000, script: 30000}, unhandledPromptBehavior: dismiss and notify, webauthn:extension:credBlob: true, webauthn:extension:largeBlob: true, webauthn:virtualAuthenticators: true}
Session ID: a6ea653e6646f28a8145407b7af75767
2022-11-24 22:05:04,193 INFO c.s.a.s.ActiTimeStepDefinition [main] Launch the application
2022-11-24 22:05:25,681 INFO c.s.a.s.ActiTimeStepDefinition [main] The Application has launched successfully
2022-11-24 22:05:25,707 INFO c.s.a.s.ActiTimeStepDefinition [main] Navigate to the url of the application
2022-11-24 22:05:35,709 INFO c.s.a.s.ActiTimeStepDefinition [main] Navigate to the url of the application has performed successfully
2022-11-24 22:05:35,723 INFO c.s.a.s.ActiTimeStepDefinition [main] Login using valid credentials
2022-11-24 22:05:41,691 INFO c.s.a.s.ActiTimeStepDefinition [main] Login using valid credentials by providing valid credentails
2022-11-24 22:05:41,697 INFO c.s.a.s.ActiTimeStepDefinition [main] the Home page should display
2022-11-24 22:05:42,438 INFO c.s.a.s.ActiTimeStepDefinition [main] Perform logout action
2022-11-24 22:05:42,745 ERROR c.s.a.s.ActiTimeStepDefinition [main] There is an error occurance during the execution of Perform_logout_action org.openqa.selenium.NoSuchElementException: no such element: Unable to locate element: {"method":"link text","selector":"Logout"}
  (Session info: chrome=107.0.5304.107)
For documentation on this error, please visit: https://selenium.dev/exceptions/#no_such_element
Build info: version: '4.6.0', revision: '79f1c02ae20'
System info: os.name: 'Windows 10', os.arch: 'amd64', os.version: '10.0', java.version: '1.8.0_333'
Driver info: org.openqa.selenium.chrome.ChromeDriver
Command: [15859c31d70f4b9aba2c429c7d49f802, findElement {using=link text, value=Logout}]
Capabilities {acceptInsecureCerts: false, browserName: chrome, browserVersion: 107.0.5304.107, chrome: {chromedriverVersion: 106.0.5249.61 (511755355844..., userDataDir: C:\Users\CSC\AppData\Local\...}, goog:chromeOptions: {debuggerAddress: localhost:58866}, networkConnectionEnabled: false, pageLoadStrategy: normal, platformName: WINDOWS, proxy: Proxy(), se:cdp: ws://localhost:58866/devtoo..., se:cdpVersion: 107.0.5304.107, setWindowRect: true, strictFileInteractability: false, timeouts: {implicit: 0, pageLoad: 300000, script: 30000}, unhandledPromptBehavior: dismiss and notify, webauthn:extension:credBlob: true, webauthn:extension:largeBlob: true, webauthn:virtualAuthenticators: true}
Session ID: 15859c31d70f4b9aba2c429c7d49f802
2022-11-24 22:05:42,752 INFO c.s.a.s.ActiTimeStepDefinition [main] the login page should display
2022-11-24 22:05:44,808 INFO c.s.a.s.ActiTimeStepDefinition [main] Validation of login page display
2022-11-24 22:05:44,810 INFO c.s.a.s.ActiTimeStepDefinition [main] Close Application Browser
2022-11-24 22:05:45,514 INFO c.s.a.s.ActiTimeStepDefinition [main] Close Application has done succesfully
2022-11-24 22:05:45,557 INFO c.s.a.s.ActiTimeStepDefinition [main] Launch the application
2022-11-24 22:05:50,530 INFO c.s.a.s.ActiTimeStepDefinition [main] The Application has launched successfully
2022-11-24 22:05:50,532 INFO c.s.a.s.ActiTimeStepDefinition [main] Navigate to the url of the application
2022-11-24 22:05:58,562 INFO c.s.a.s.ActiTimeStepDefinition [main] Navigate to the url of the application has performed successfully
2022-11-24 22:05:58,583 INFO c.s.a.s.ActiTimeStepDefinition [main] Login using valid credentials
2022-11-24 22:06:04,388 INFO c.s.a.s.ActiTimeStepDefinition [main] Login using valid credentials by providing valid credentails
2022-11-24 22:06:04,391 INFO c.s.a.s.ActiTimeStepDefinition [main] the Home page should display
2022-11-24 22:06:06,560 INFO c.s.a.s.ActiTimeStepDefinition [main] The Validation of Display of Home Page has matched successfulyy
2022-11-24 22:06:06,579 INFO c.s.a.s.ActiTimeStepDefinition [main] minimize the flyout Window
2022-11-24 22:06:09,046 INFO c.s.a.s.ActiTimeStepDefinition [main] minimize the flyout Window has performed successfully
2022-11-24 22:06:09,053 INFO c.s.a.s.ActiTimeStepDefinition [main] Create an User
2022-11-24 22:06:23,615 ERROR c.s.a.s.ActiTimeStepDefinition [main] There is an error occurance during the execution of Create_an_User org.openqa.selenium.ElementNotInteractableException: element not interactable
  (Session info: chrome=107.0.5304.107)
Build info: version: '4.6.0', revision: '79f1c02ae20'
System info: os.name: 'Windows 10', os.arch: 'amd64', os.version: '10.0', java.version: '1.8.0_333'
Driver info: org.openqa.selenium.chrome.ChromeDriver
Command: [e45eb0e7884d5da9fe496be13a34a78c, sendKeysToElement {id=a83c6f52-a672-40e5-bf64-5340dc116afa, value=[Ljava.lang.CharSequence;@6e0e5dec}]
Capabilities {acceptInsecureCerts: false, browserName: chrome, browserVersion: 107.0.5304.107, chrome: {chromedriverVersion: 106.0.5249.61 (511755355844..., userDataDir: C:\Users\CSC\AppData\Local\...}, goog:chromeOptions: {debuggerAddress: localhost:58892}, networkConnectionEnabled: false, pageLoadStrategy: normal, platformName: WINDOWS, proxy: Proxy(), se:cdp: ws://localhost:58892/devtoo..., se:cdpVersion: 107.0.5304.107, setWindowRect: true, strictFileInteractability: false, timeouts: {implicit: 0, pageLoad: 300000, script: 30000}, unhandledPromptBehavior: dismiss and notify, webauthn:extension:credBlob: true, webauthn:extension:largeBlob: true, webauthn:virtualAuthenticators: true}
Element: [[ChromeDriver: chrome on WINDOWS (e45eb0e7884d5da9fe496be13a34a78c)] -> name: firstName]
Session ID: e45eb0e7884d5da9fe496be13a34a78c
2022-11-24 22:06:23,618 INFO c.s.a.s.ActiTimeStepDefinition [main] User should create successfully
2022-11-24 22:06:23,658 ERROR c.s.a.s.ActiTimeStepDefinition [main] There is an error occurance during the execution of User_should_create_successfully org.openqa.selenium.NoSuchElementException: no such element: Unable to locate element: {"method":"xpath","selector":"//span[text()='User1, demo']"}
  (Session info: chrome=107.0.5304.107)
For documentation on this error, please visit: https://selenium.dev/exceptions/#no_such_element
Build info: version: '4.6.0', revision: '79f1c02ae20'
System info: os.name: 'Windows 10', os.arch: 'amd64', os.version: '10.0', java.version: '1.8.0_333'
Driver info: org.openqa.selenium.chrome.ChromeDriver
Command: [e45eb0e7884d5da9fe496be13a34a78c, findElement {using=xpath, value=//span[text()='User1, demo']}]
Capabilities {acceptInsecureCerts: false, browserName: chrome, browserVersion: 107.0.5304.107, chrome: {chromedriverVersion: 106.0.5249.61 (511755355844..., userDataDir: C:\Users\CSC\AppData\Local\...}, goog:chromeOptions: {debuggerAddress: localhost:58892}, networkConnectionEnabled: false, pageLoadStrategy: normal, platformName: WINDOWS, proxy: Proxy(), se:cdp: ws://localhost:58892/devtoo..., se:cdpVersion: 107.0.5304.107, setWindowRect: true, strictFileInteractability: false, timeouts: {implicit: 0, pageLoad: 300000, script: 30000}, unhandledPromptBehavior: dismiss and notify, webauthn:extension:credBlob: true, webauthn:extension:largeBlob: true, webauthn:virtualAuthenticators: true}
Session ID: e45eb0e7884d5da9fe496be13a34a78c
2022-11-24 22:06:23,664 INFO c.s.a.s.ActiTimeStepDefinition [main] delete the user
2022-11-24 22:06:23,703 ERROR c.s.a.s.ActiTimeStepDefinition [main] There is an error occurance during the execution of delete_the_user org.openqa.selenium.NoSuchElementException: no such element: Unable to locate element: {"method":"xpath","selector":"//span[text()='User1, demo']"}
  (Session info: chrome=107.0.5304.107)
For documentation on this error, please visit: https://selenium.dev/exceptions/#no_such_element
Build info: version: '4.6.0', revision: '79f1c02ae20'
System info: os.name: 'Windows 10', os.arch: 'amd64', os.version: '10.0', java.version: '1.8.0_333'
Driver info: org.openqa.selenium.chrome.ChromeDriver
Command: [e45eb0e7884d5da9fe496be13a34a78c, findElement {using=xpath, value=//span[text()='User1, demo']}]
Capabilities {acceptInsecureCerts: false, browserName: chrome, browserVersion: 107.0.5304.107, chrome: {chromedriverVersion: 106.0.5249.61 (511755355844..., userDataDir: C:\Users\CSC\AppData\Local\...}, goog:chromeOptions: {debuggerAddress: localhost:58892}, networkConnectionEnabled: false, pageLoadStrategy: normal, platformName: WINDOWS, proxy: Proxy(), se:cdp: ws://localhost:58892/devtoo..., se:cdpVersion: 107.0.5304.107, setWindowRect: true, strictFileInteractability: false, timeouts: {implicit: 0, pageLoad: 300000, script: 30000}, unhandledPromptBehavior: dismiss and notify, webauthn:extension:credBlob: true, webauthn:extension:largeBlob: true, webauthn:virtualAuthenticators: true}
Session ID: e45eb0e7884d5da9fe496be13a34a78c
2022-11-24 22:06:23,706 INFO c.s.a.s.ActiTimeStepDefinition [main] the user should delete
2022-11-24 22:06:23,723 INFO c.s.a.s.ActiTimeStepDefinition [main] the user should delete, action has performed successfully
2022-11-24 22:06:23,728 INFO c.s.a.s.ActiTimeStepDefinition [main] Perform logout action
2022-11-24 22:06:27,437 INFO c.s.a.s.ActiTimeStepDefinition [main] Performing logout action has done successfully
2022-11-24 22:06:27,498 INFO c.s.a.s.ActiTimeStepDefinition [main] the login page should display
2022-11-24 22:06:29,685 INFO c.s.a.s.ActiTimeStepDefinition [main] Validation of login page display
2022-11-24 22:06:29,688 INFO c.s.a.s.ActiTimeStepDefinition [main] Close Application Browser
2022-11-24 22:06:30,181 INFO c.s.a.s.ActiTimeStepDefinition [main] Close Application has done succesfully
2022-11-24 22:09:38,835 INFO c.s.a.s.ActiTimeStepDefinition [main] Launch the application
2022-11-24 22:09:54,444 INFO c.s.a.s.ActiTimeStepDefinition [main] The Application has launched successfully
2022-11-24 22:09:54,467 INFO c.s.a.s.ActiTimeStepDefinition [main] Navigate to the url of the application
2022-11-24 22:10:03,610 INFO c.s.a.s.ActiTimeStepDefinition [main] Navigate to the url of the application has performed successfully
2022-11-24 22:10:03,622 INFO c.s.a.s.ActiTimeStepDefinition [main] Login using valid credentials
2022-11-24 22:10:09,847 INFO c.s.a.s.ActiTimeStepDefinition [main] Login using valid credentials by providing valid credentails
2022-11-24 22:10:09,852 INFO c.s.a.s.ActiTimeStepDefinition [main] the Home page should display
2022-11-24 22:10:11,910 INFO c.s.a.s.ActiTimeStepDefinition [main] The Validation of Display of Home Page has matched successfulyy
2022-11-24 22:10:11,913 INFO c.s.a.s.ActiTimeStepDefinition [main] minimize the flyout Window
2022-11-24 22:10:13,274 ERROR c.s.a.s.ActiTimeStepDefinition [main] There is an error occurance during the execution of minimize_the_flyout_Window org.openqa.selenium.ElementClickInterceptedException: element click intercepted: Element <div id="gettingStartedShortcutsPanelId" class="gettingStartedShortcutsPanel noCloseable ">...</div> is not clickable at point (855, 389). Other element would receive the click: <div id="preInsertedTransformedMoireId" class="transformedMoireClass" style="transition: opacity 600ms ease-in-out 0s; opacity: 0;"></div>
  (Session info: chrome=107.0.5304.107)
Build info: version: '4.6.0', revision: '79f1c02ae20'
System info: os.name: 'Windows 10', os.arch: 'amd64', os.version: '10.0', java.version: '1.8.0_333'
Driver info: org.openqa.selenium.chrome.ChromeDriver
Command: [311ae47da1b0e15ae32855f088e07c37, clickElement {id=56a85568-095e-408a-9b28-74a9958ebfa0}]
Capabilities {acceptInsecureCerts: false, browserName: chrome, browserVersion: 107.0.5304.107, chrome: {chromedriverVersion: 106.0.5249.61 (511755355844..., userDataDir: C:\Users\CSC\AppData\Local\...}, goog:chromeOptions: {debuggerAddress: localhost:59040}, networkConnectionEnabled: false, pageLoadStrategy: normal, platformName: WINDOWS, proxy: Proxy(), se:cdp: ws://localhost:59040/devtoo..., se:cdpVersion: 107.0.5304.107, setWindowRect: true, strictFileInteractability: false, timeouts: {implicit: 0, pageLoad: 300000, script: 30000}, unhandledPromptBehavior: dismiss and notify, webauthn:extension:credBlob: true, webauthn:extension:largeBlob: true, webauthn:virtualAuthenticators: true}
Element: [[ChromeDriver: chrome on WINDOWS (311ae47da1b0e15ae32855f088e07c37)] -> id: gettingStartedShortcutsPanelId]
Session ID: 311ae47da1b0e15ae32855f088e07c37
2022-11-24 22:10:13,279 INFO c.s.a.s.ActiTimeStepDefinition [main] Perform logout action
2022-11-24 22:10:14,491 ERROR c.s.a.s.ActiTimeStepDefinition [main] There is an error occurance during the execution of Perform_logout_action org.openqa.selenium.ElementClickInterceptedException: element click intercepted: Element <a href="/logout.do" id="logoutLink" class="logout">...</a> is not clickable at point (996, 17). Other element would receive the click: <div id="preInsertedTransformedMoireId" class="transformedMoireClass" style="transition: opacity 600ms ease-in-out 0s; opacity: 0;"></div>
  (Session info: chrome=107.0.5304.107)
Build info: version: '4.6.0', revision: '79f1c02ae20'
System info: os.name: 'Windows 10', os.arch: 'amd64', os.version: '10.0', java.version: '1.8.0_333'
Driver info: org.openqa.selenium.chrome.ChromeDriver
Command: [311ae47da1b0e15ae32855f088e07c37, clickElement {id=62ec8784-47ff-4e92-af22-85a73f543c27}]
Capabilities {acceptInsecureCerts: false, browserName: chrome, browserVersion: 107.0.5304.107, chrome: {chromedriverVersion: 106.0.5249.61 (511755355844..., userDataDir: C:\Users\CSC\AppData\Local\...}, goog:chromeOptions: {debuggerAddress: localhost:59040}, networkConnectionEnabled: false, pageLoadStrategy: normal, platformName: WINDOWS, proxy: Proxy(), se:cdp: ws://localhost:59040/devtoo..., se:cdpVersion: 107.0.5304.107, setWindowRect: true, strictFileInteractability: false, timeouts: {implicit: 0, pageLoad: 300000, script: 30000}, unhandledPromptBehavior: dismiss and notify, webauthn:extension:credBlob: true, webauthn:extension:largeBlob: true, webauthn:virtualAuthenticators: true}
Element: [[ChromeDriver: chrome on WINDOWS (311ae47da1b0e15ae32855f088e07c37)] -> link text: Logout]
Session ID: 311ae47da1b0e15ae32855f088e07c37
2022-11-24 22:10:14,493 INFO c.s.a.s.ActiTimeStepDefinition [main] the login page should display
2022-11-24 22:10:16,582 INFO c.s.a.s.ActiTimeStepDefinition [main] Launch the application
2022-11-24 22:10:22,989 INFO c.s.a.s.ActiTimeStepDefinition [main] The Application has launched successfully
2022-11-24 22:10:22,992 INFO c.s.a.s.ActiTimeStepDefinition [main] Navigate to the url of the application
2022-11-24 22:10:30,618 INFO c.s.a.s.ActiTimeStepDefinition [main] Navigate to the url of the application has performed successfully
2022-11-24 22:10:30,636 INFO c.s.a.s.ActiTimeStepDefinition [main] Login using valid credentials
2022-11-24 22:10:36,422 INFO c.s.a.s.ActiTimeStepDefinition [main] Login using valid credentials by providing valid credentails
2022-11-24 22:10:36,431 INFO c.s.a.s.ActiTimeStepDefinition [main] the Home page should display
2022-11-24 22:10:38,522 INFO c.s.a.s.ActiTimeStepDefinition [main] The Validation of Display of Home Page has matched successfulyy
2022-11-24 22:10:38,560 INFO c.s.a.s.ActiTimeStepDefinition [main] minimize the flyout Window
2022-11-24 22:10:41,034 INFO c.s.a.s.ActiTimeStepDefinition [main] minimize the flyout Window has performed successfully
2022-11-24 22:10:41,039 INFO c.s.a.s.ActiTimeStepDefinition [main] Create an User
2022-11-24 22:11:18,873 INFO c.s.a.s.ActiTimeStepDefinition [main] Create an User action has performed successfully
2022-11-24 22:11:18,876 INFO c.s.a.s.ActiTimeStepDefinition [main] User should create successfully
2022-11-24 22:11:19,006 INFO c.s.a.s.ActiTimeStepDefinition [main] Validation of User Creation has performed successfully 
2022-11-24 22:11:19,011 INFO c.s.a.s.ActiTimeStepDefinition [main] delete the user
2022-11-24 22:11:25,713 INFO c.s.a.s.ActiTimeStepDefinition [main] delete the user step has performed successfully
2022-11-24 22:11:25,716 INFO c.s.a.s.ActiTimeStepDefinition [main] the user should delete
2022-11-24 22:11:25,727 INFO c.s.a.s.ActiTimeStepDefinition [main] the user should delete, action has performed successfully
2022-11-24 22:11:25,729 INFO c.s.a.s.ActiTimeStepDefinition [main] Perform logout action
2022-11-24 22:11:28,988 INFO c.s.a.s.ActiTimeStepDefinition [main] Performing logout action has done successfully
2022-11-24 22:11:28,990 INFO c.s.a.s.ActiTimeStepDefinition [main] the login page should display
2022-11-24 22:11:31,012 INFO c.s.a.s.ActiTimeStepDefinition [main] Validation of login page display
2022-11-24 22:11:31,014 INFO c.s.a.s.ActiTimeStepDefinition [main] Close Application Browser
2022-11-24 22:11:31,258 INFO c.s.a.s.ActiTimeStepDefinition [main] Close Application has done succesfully
2022-11-24 22:22:35,870 INFO c.s.a.s.ActiTimeStepDefinition [main] Launch the application
2022-11-24 22:22:49,096 INFO c.s.a.s.ActiTimeStepDefinition [main] The Application has launched successfully
2022-11-24 22:22:49,116 INFO c.s.a.s.ActiTimeStepDefinition [main] Navigate to the url of the application
2022-11-24 22:22:57,247 INFO c.s.a.s.ActiTimeStepDefinition [main] Navigate to the url of the application has performed successfully
2022-11-24 22:22:57,267 INFO c.s.a.s.ActiTimeStepDefinition [main] Login using valid credentials
2022-11-24 22:23:03,384 INFO c.s.a.s.ActiTimeStepDefinition [main] Login using valid credentials by providing valid credentails
2022-11-24 22:23:03,386 INFO c.s.a.s.ActiTimeStepDefinition [main] the Home page should display
2022-11-24 22:23:05,567 INFO c.s.a.s.ActiTimeStepDefinition [main] The Validation of Display of Home Page has matched successfulyy
2022-11-24 22:23:05,568 INFO c.s.a.s.ActiTimeStepDefinition [main] minimize the flyout Window
2022-11-24 22:23:07,757 INFO c.s.a.s.ActiTimeStepDefinition [main] minimize the flyout Window has performed successfully
2022-11-24 22:23:07,770 INFO c.s.a.s.ActiTimeStepDefinition [main] Perform logout action
2022-11-24 22:23:11,148 INFO c.s.a.s.ActiTimeStepDefinition [main] Performing logout action has done successfully
2022-11-24 22:23:11,150 INFO c.s.a.s.ActiTimeStepDefinition [main] the login page should display
2022-11-24 22:23:13,180 INFO c.s.a.s.ActiTimeStepDefinition [main] Validation of login page display
2022-11-24 22:23:13,182 INFO c.s.a.s.ActiTimeStepDefinition [main] Close Application Browser
2022-11-24 22:23:13,614 INFO c.s.a.s.ActiTimeStepDefinition [main] Close Application has done succesfully
2022-11-24 22:23:13,649 INFO c.s.a.s.ActiTimeStepDefinition [main] Launch the application
2022-11-24 22:23:18,528 INFO c.s.a.s.ActiTimeStepDefinition [main] The Application has launched successfully
2022-11-24 22:23:18,530 INFO c.s.a.s.ActiTimeStepDefinition [main] Navigate to the url of the application
2022-11-24 22:23:27,623 INFO c.s.a.s.ActiTimeStepDefinition [main] Navigate to the url of the application has performed successfully
2022-11-24 22:23:27,624 INFO c.s.a.s.ActiTimeStepDefinition [main] Login using valid credentials
2022-11-24 22:23:33,290 INFO c.s.a.s.ActiTimeStepDefinition [main] Login using valid credentials by providing valid credentails
2022-11-24 22:23:33,293 INFO c.s.a.s.ActiTimeStepDefinition [main] the Home page should display
2022-11-24 22:23:35,337 INFO c.s.a.s.ActiTimeStepDefinition [main] The Validation of Display of Home Page has matched successfulyy
2022-11-24 22:23:35,344 INFO c.s.a.s.ActiTimeStepDefinition [main] minimize the flyout Window
2022-11-24 22:23:37,505 INFO c.s.a.s.ActiTimeStepDefinition [main] minimize the flyout Window has performed successfully
2022-11-24 22:23:37,509 INFO c.s.a.s.ActiTimeStepDefinition [main] Create an User
2022-11-24 22:24:12,210 INFO c.s.a.s.ActiTimeStepDefinition [main] Create an User action has performed successfully
2022-11-24 22:24:12,213 INFO c.s.a.s.ActiTimeStepDefinition [main] User should create successfully
2022-11-24 22:24:12,330 INFO c.s.a.s.ActiTimeStepDefinition [main] Validation of User Creation has performed successfully 
2022-11-24 22:24:12,333 INFO c.s.a.s.ActiTimeStepDefinition [main] delete the user
2022-11-24 22:24:20,224 INFO c.s.a.s.ActiTimeStepDefinition [main] delete the user step has performed successfully
2022-11-24 22:24:20,226 INFO c.s.a.s.ActiTimeStepDefinition [main] the user should delete
2022-11-24 22:24:20,238 INFO c.s.a.s.ActiTimeStepDefinition [main] the user should delete, action has performed successfully
2022-11-24 22:24:20,242 INFO c.s.a.s.ActiTimeStepDefinition [main] Perform logout action
2022-11-24 22:24:24,361 INFO c.s.a.s.ActiTimeStepDefinition [main] Performing logout action has done successfully
2022-11-24 22:24:24,366 INFO c.s.a.s.ActiTimeStepDefinition [main] the login page should display
2022-11-24 22:24:26,395 INFO c.s.a.s.ActiTimeStepDefinition [main] Validation of login page display
2022-11-24 22:24:26,397 INFO c.s.a.s.ActiTimeStepDefinition [main] Close Application Browser
2022-11-24 22:24:26,987 INFO c.s.a.s.ActiTimeStepDefinition [main] Close Application has done succesfully
